<?xml version="1.0" encoding="UTF-8"?>
<!-- Generated by org.testng.reporters.JUnitReportReporter -->
<testsuite skipped="0" hostname="Shubhangi-PC" name="testCases.LoginApp" tests="1" failures="0" timestamp="15 Nov 2017 18:16:24 GMT" time="36.961" errors="0">
  <testcase name="Login" time="36.961" classname="testCases.LoginApp"/>
</testsuite> <!-- testCases.LoginApp -->
